Barack Obama
Bill Gates
Bùi Bích Hồng
Bùi Hồng Minh
Bùi Minh Tuấn
Bùi Pháp
Bùi Quang Ngọc
Bùi Quốc Công
Bùi Thị Phương Dung
Bùi Văn Hữu
Cao Thị Ngọc Dung
Cao Văn Hải
Cô Gia Thọ
Diệp Thị Thu
Donald Trump
Doãn Gia Cường
Doãn Tới
Dương Chí Dũng
Dương Hoàng Quỳnh Như
Dương Ngọc Minh
Henry Ford
Hoàng Minh Châu
Hoàng Quang Việt
Hoàng Văn Quang
Hoàng Điệp Tố Khanh
Hà Hoài Nam
Hà Nguyệt Nhi
Hà Thị Huệ
Hà Thị Liên
Hà Văn Thắm
Hùng Cửu Long
Hồ Cẩm Đào
Hồ Minh Quang
Hồ Phi Hải
Hồ Quỳnh Hưng
Hồ Thị Hiền
Hồ Đức Lam
Jack Ma
Junji Tonoshima
La Bùi Hồng Ngọc
La Văn Hoàng
Larry Page
Lee Kun Hee
Lee Jae Eun
Liu Cheng Min
Lâm Mẫu Diệp
Lã Văn Trường Sơn
Lê Hoàng Hà
Lê Kỳ Phùng
Lê Phước Vũ
Lê Quang Hào
Lê Quốc Hưng
Lê Quỳnh Anh
Lê Thanh Thuấn
Lê Thị Kim Yến
Lê Thị Nguyệt Thu
Lê Thị Thiên Trang
Lê Thị Thúy Hải
Lê Tuấn Anh
Lê Viết Hải
Lê Việt Cường
Lê Văn Quyền
Lê Văn Thảo
Lê Văn Tình
Lê Vĩnh Sơn
Lê Vỹ
Lý Nhã Kỳ
Lương Trí Thìn
Mai Kiều Liên
Nguyễn Bá Dương
Nguyễn Bá Hùng
Nguyễn Bá Phong
Nguyễn Bảo Giang
Nguyễn Chí Linh
Nguyễn Duy Hưng
Nguyễn Hoàng Ngân
Nguyễn Hoàng Yến
Nguyễn Hồng Nam
Nguyễn Mạnh Huy
Nguyễn Mạnh Hùng
Nguyễn Mạnh Tuấn
Nguyễn Ngọc Huyền My
Nguyễn Ngọc Hải
Nguyễn Ngọc Quang
Nguyễn Như So
Nguyễn Quý Định
Nguyễn Quốc Thành
Nguyễn Sỹ Công
Nguyễn Thanh Nghĩa
Nguyễn Thiều Nam
Nguyễn Thiều Quang
Nguyễn Thành Nam
Nguyễn Thái Nga
Nguyễn Thùy Hương
Nguyễn Thúy Lan
Nguyễn Thế Lập
Nguyễn Thị Bích Ngọc
Nguyễn Thị Hồng
Nguyễn Thị Hồng Lan
Nguyễn Thị Kim Xuân
Nguyễn Thị Kiều Diễm
Nguyễn Thị Mai Thanh
Nguyễn Thị Ngọc Anh
Nguyễn Thị Như Loan
Nguyễn Thị Quỳnh Như
Nguyễn Thị Thanh Hòa
Nguyễn Thị Thanh Thủy
Nguyễn Thị Thiên Hương
Nguyễn Thị Xuân
Nguyễn Trung Hà
Nguyễn Trọng Thông
Nguyễn Tấn Dũng
Nguyễn Văn Tô
Nguyễn Văn Đạt
Nguyễn Xuân Quang
Nguyễn Đình Tú
Nguyễn Đức Kiên
Nguyễn Đức Tài
Ngô Sỹ Túc
Ngô Thị Ngọc Lan
Ngô Thị Ngọc Liễu
Ngô Thị Thu Trang
Peter Eric Dennis
Phan Huy Khang
Phan Thu Hương
Phan Thị Thu Hiền
Phú Quang
Phạm Hồng Linh
Phạm Thu Hương
Phạm Thúy Hằng
Phạm Thị Lê
Phạm Thị Tuyết Mai
Phạm Ánh Dương
Puan Chiong
Puan Kwong Siing
Quách Hồng
Quách Thị Nga
Ratan Tata
Richchard Branson
Roman Ibramovich
Steve Jobs
Sầm Thị Hường
Tim Cook
Ting Check Hua
Trương Anh Tuấn
Trương Gia Bình
Trương Minh Trí
Trương Thị Lệ Khanh
Trương Thị Thanh Thanh
Trầm Bê
Trầm Khải Hòa
Trầm Thuyết Kiều
Trầm Trọng Ngân
Trần Huy Thanh Tùng
Trần Hùng Huy
Trần Hồng Đởm
Trần Kim Thành
Trần Lê Quân
Trần Lệ Nguyên
Trần Minh Hoàng
Trần Mộng Hùng
Trần Ngọc Henri
Trần Phú Mỹ
Trần Phương Ngọc Giao
Trần Quang Quân
Trần Thanh Phong
Trần Thị Lĩnh
Trần Thị Ngọc Cơ
Trần Thị Thái
Trần Tuấn Dương
Trần Uyển Nhàn
Trần Việt Thắng
Trần Xuân Kiên
Trần Đình Long
Trần Đặng Thu Thảo
Trịnh Văn Quyết
Tăng Quảng
Võ Thị Thanh Tâm
Võ Trường Thành
Võ Văn Thành Nghĩa
Vũ Khắc Tiệp
Vũ Thị Hiền
Vũ Thị Quỳnh
Vũ Văn Hoan
Warren Buffett
Đinh Anh Huân
Đinh La Thăng
Đinh Quang Chiến
Điêu Chính Hải Triều
Đoàn Hồng Việt
Đoàn Nguyên Đức
Đoàn Văn Bình
Đoàn Đình Thiêm
Đào Hữu Huyền
Đào Hữu Kha
Đặng Huỳnh Ức My
Đặng Hướng Cường
Đặng Hồng Anh
Đặng Mỹ Linh
Đặng Nguyễn Quỳnh Anh
Đặng Ngọc Lan
Đặng Phước Thành
Đặng Thu Hà
Đặng Thu Thủy
Đặng Thành Duy
Đặng Thành Tâm
Đặng Thị Hoàng Yến
Đặng Triệu Hòa
Đỗ Cao Bảo
Đỗ Hữu Hạ
Đỗ Hữu Hậu
Đỗ Quang Hiển
Đỗ Thị Thu Hà
Đỗ Thị Thu Hường
Đỗ Văn Bình
﻿Phạm Nhật Vượng
