9 chỗ ngồi trở xuống
Bánh kẹo, thực phẩm khác chế biến từ tinh bột và bột ngũ cốc
Bông xơ
Cao su
Chì 
Chất dẻo nguyên liệu
Clanhke và xi măng
Dây điện và cáp điện
Dây điện và dây cáp điện
Dầu thô 
Giấy các loại
Giấy khác
Giấy kraft 
Giấy và các sản phẩm từ giấy
Giầy dép 
Gỗ
Gỗ 
Hàng dệt, may sẵn 
Hàng mây tre, cói, lá, thảm
Hàng điện gia dụng và linh kiện
Hóa chất
Kim loại thường khác và sản phẩm
Kẽm 
LK điện tử; máy tính nguyên chiếc và linh kiện
Linh kiện và phụ tùng ô tô 
Máy móc thiết bị hàng không
Máy móc, thiết bị, dụng cụ phụ tùng khác
Máy vi tính, sản phẩm điện tử và linh kiện
Máy và PT máy CNTP
Máy và PT máy SX xi măng
Máy và PT máy xây dựng
Máy ảnh, máy quay phim và linh kiện
Nguyên phụ liệu dệt may, da, giày
Nguyên phụ liệu giầy dép
Nhôm 
Phân bón các loại
Phôi thép
Phương tiện vận tải khác và phụ tùng
Phương tiện vận tải và phụ tùng
Phế liệu sắt thép
Phụ liệu may
Quặng và khoáng sản khác
Sản phẩm bằng sắt hoặc thép
Sản phẩm gốm, sứ
Sản phẩm gỗ 
Sản phẩm hóa chất
Sản phẩm nội thất từ chất liệu khác, trừ gỗ
Sản phẩm từ cao su
Sản phẩm từ chất dẻo
Sản phẩm từ giấy
Sản phẩm từ kim loại thường khác
Sản phẩm từ sắt thép
Sắn và sản phẩm từ sắn
Sắt thép
Sợi dệt 
Than đá
Thiết bị, PT ngành da, giầy
Thiết bị, PT ngành dệt, may
Thiết bị, PT ngành giấy
Thiết bị, PT ngành nhựa
Thủy tinh và các SP từ thủy tinh
Thủy tinh và các sản phẩm từ thủy tinh
Thức ăn gia súc và nguyên liệu
Trên 9 chỗ ngồi
Túi xách, ví, vali, mũ và ô dù
Tơ, xơ dệt (sợi chưa xe) 
Vải các loại
Vải mành, vải kỹ thuật khác
Xe máy Linh kiện, phụ tùng
Xe máy Nguyên chiếc
Xăng dầu
Xơ, sợi dệt các loại
café
cao su
chất dẻo nguyên liệu
clanke
dầu thô
dụng cụ và phụ tùng khác
giày
gạo
gỗ và sản phẩm gỗ
hàng dệt may
hàng giày dép
hóa chất
máy móc
máy quay phim
máy ảnh
mũ 
nguyên vật liệu ngành dệt may, da, 
phân bón các loại
phế liệu sắt thép
sản phẩm điện tử và linh kiện
sắt thép các loại
than đá
thiết bị
thủy sản
thức ăn gia súc và nguyên liệu
túi xách
va li
ví
xi măng
xăng dầu các loại
xơ, sợi dệt các loại
Ô tô loại khác
Ô tô nguyên chiếc
Ô tô tải
ô dù
ô tô nguyên chiếc
Điện thoại các loại và linh kiện
Điện thoại và các linh kiện
Đá quý, kim loại quý & sản phẩm
Đá qúy, kim loại qúy và sản phẩm
Đồ chơi
Đồng
điện thoại các loại và linh kiện
﻿máy vi tính
